SF:lib\main.dart
DA:5,0
DA:6,0
DA:10,2
DA:12,1
DA:14,1
DA:16,1
DA:17,1
LF:7
LH:5
end_of_record
SF:lib\constant\themes.dart
DA:4,3
DA:5,1
LF:2
LH:2
end_of_record
SF:lib\router.dart
DA:4,3
DA:5,1
DA:6,2
LF:3
LH:3
end_of_record
SF:lib\page\login.dart
DA:6,1
DA:8,1
DA:9,1
DA:13,1
DA:14,1
DA:20,0
DA:22,0
DA:23,0
DA:24,0
DA:27,1
DA:29,1
DA:31,1
DA:32,1
DA:41,1
DA:42,3
DA:43,2
DA:44,1
DA:47,0
DA:48,0
DA:52,1
DA:53,1
DA:54,1
DA:55,1
DA:56,2
DA:57,1
DA:58,1
DA:59,4
DA:61,1
DA:62,1
DA:67,1
DA:68,0
DA:70,0
DA:71,0
DA:72,0
DA:73,0
DA:74,0
DA:76,0
DA:78,0
DA:84,0
DA:86,0
DA:88,0
DA:97,1
DA:98,1
DA:99,1
DA:100,4
DA:102,1
DA:103,1
DA:104,1
DA:105,1
DA:107,1
DA:109,4
DA:116,1
DA:118,1
DA:120,4
DA:130,1
DA:133,1
DA:134,1
DA:135,1
DA:136,1
DA:137,4
DA:138,1
DA:139,1
DA:147,1
DA:148,1
DA:150,4
DA:151,1
DA:154,2
DA:155,1
DA:157,1
DA:165,1
DA:166,1
DA:167,4
DA:168,1
DA:169,1
DA:170,3
DA:171,1
DA:173,1
DA:175,1
DA:184,1
DA:185,1
DA:186,4
DA:190,1
DA:191,1
DA:192,2
DA:193,1
DA:194,4
DA:195,1
DA:197,1
DA:198,1
DA:208,1
DA:211,4
DA:214,1
DA:216,4
DA:218,0
DA:219,0
DA:229,1
DA:230,4
DA:231,1
DA:233,1
DA:234,1
DA:235,1
DA:252,1
DA:255,4
DA:258,1
DA:259,1
DA:260,1
DA:266,0
DA:267,0
DA:268,0
DA:269,0
DA:274,1
DA:276,4
DA:278,0
DA:279,0
DA:286,1
DA:288,4
DA:289,1
DA:290,4
DA:292,1
DA:293,1
DA:295,0
DA:296,0
DA:297,0
DA:302,0
LF:124
LH:95
end_of_record
SF:lib\utils\asset.dart
DA:4,1
DA:5,1
DA:8,1
DA:9,1
LF:4
LH:4
end_of_record
